Using pre-set license
Built from '2020.3/staging' branch; Version is '2020.3.10f1 (297d780c91bc) revision 2719096'; Using compiler version '192528614'; Build Type 'Release'
OS: 'Windows 10 Home; OS build 19044.1826; Version 2009; 64bit' Language: 'en' Physical Memory: 16250 MB
BatchMode: 1, IsHumanControllingUs: 0, StartBugReporterOnCrash: 0, Is64bit: 1, IsPro: 0

 COMMAND LINE ARGUMENTS:
C:\Program Files\Unity\Hub\Editor\2020.3.10f1\Editor\Unity.exe
-adb2
-batchMode
-noUpm
-name
AssetImportWorker1
-projectPath
D:/Projects/SDDprojects/Snake_and_Minesweeper
-logFile
Logs/AssetImportWorker1.log
-srvPort
58057
Successfully changed project path to: D:/Projects/SDDprojects/Snake_and_Minesweeper
D:/Projects/SDDprojects/Snake_and_Minesweeper
Using Asset Import Pipeline V2.
Refreshing native plugins compatible for Editor in 81.44 ms, found 3 plugins.
Preloading 0 native plugins for Editor in 0.00 ms.
Initialize engine version: 2020.3.10f1 (297d780c91bc)
[Subsystems] Discovering subsystems at path C:/Program Files/Unity/Hub/Editor/2020.3.10f1/Editor/Data/Resources/UnitySubsystems
[Subsystems] Discovering subsystems at path D:/Projects/SDDprojects/Snake_and_Minesweeper/Assets
GfxDevice: creating device client; threaded=0
Direct3D:
    Version:  Direct3D 11.0 [level 11.1]
    Renderer: NVIDIA GeForce GTX 1050 Ti (ID=0x1c8c)
    Vendor:   
    VRAM:     4018 MB
    Driver:   30.0.15.1169
Initialize mono
Mono path[0] = 'C:/Program Files/Unity/Hub/Editor/2020.3.10f1/Editor/Data/Managed'
Mono path[1] = 'C:/Program Files/Unity/Hub/Editor/2020.3.10f1/Editor/Data/MonoBleedingEdge/lib/mono/unityjit'
Mono config path = 'C:/Program Files/Unity/Hub/Editor/2020.3.10f1/Editor/Data/MonoBleedingEdge/etc'
Using monoOptions --debugger-agent=transport=dt_socket,embedding=1,server=y,suspend=n,address=127.0.0.1:56080
Begin MonoManager ReloadAssembly
Registering precompiled unity dll's ...
Register platform support module: C:/Program Files/Unity/Hub/Editor/2020.3.10f1/Editor/Data/PlaybackEngines/WebGLSupport/UnityEditor.WebGL.Extensions.dll
Register platform support module: C:/Program Files/Unity/Hub/Editor/2020.3.10f1/Editor/Data/PlaybackEngines/WindowsStandaloneSupport/UnityEditor.WindowsStandalone.Extensions.dll
Registered in 0.003458 seconds.
Native extension for WindowsStandalone target not found
Native extension for WebGL target not found
Refreshing native plugins compatible for Editor in 51.52 ms, found 3 plugins.
Preloading 0 native plugins for Editor in 0.00 ms.
Mono: successfully reloaded assembly
- Completed reload, in  2.726 seconds
Platform modules already initialized, skipping
Registering precompiled user dll's ...
Registered in 0.004616 seconds.
Begin MonoManager ReloadAssembly
Native extension for WindowsStandalone target not found
Native extension for WebGL target not found
Refreshing native plugins compatible for Editor in 44.89 ms, found 3 plugins.
Preloading 0 native plugins for Editor in 0.00 ms.
Mono: successfully reloaded assembly
- Completed reload, in  1.494 seconds
Platform modules already initialized, skipping
========================================================================
Worker process is ready to serve import requests
Launched and connected shader compiler UnityShaderCompiler.exe after 0.07 seconds
Refreshing native plugins compatible for Editor in 0.71 ms, found 3 plugins.
Preloading 0 native plugins for Editor in 0.00 ms.
Unloading 2086 Unused Serialized files (Serialized files now loaded: 0)
System memory in use before: 93.1 MB.
System memory in use after: 93.0 MB.

Unloading 33 unused Assets to reduce memory usage. Loaded Objects now: 2520.
Total: 3.398900 ms (FindLiveObjects: 0.457700 ms CreateObjectMapping: 0.287300 ms MarkObjects: 2.450400 ms  DeleteObjects: 0.201700 ms)

========================================================================
Received Import Request.
  path: Assets/Scenes/Minesweeper/Minesweeper.unity
  artifactKey: Guid(e48e09002333094408eb290460ff78ed) Importer(815301076,1909f56bfc062723c751e8b465ee728b)
Start importing Assets/Scenes/Minesweeper/Minesweeper.unity using Guid(e48e09002333094408eb290460ff78ed) Importer(815301076,1909f56bfc062723c751e8b465ee728b)  -> (artifact id: 'c6b8d01102ec42f8b1ed05562125f787') in 0.021126 seconds
  Import took 0.026532 seconds .

========================================================================
Received Import Request.
  Time since last request: 69.989725 seconds.
  path: Assets/Scenes/Menu/ButtonScript.cs
  artifactKey: Guid(556f4c3838c63ab4289a8361bc023efc) Importer(815301076,1909f56bfc062723c751e8b465ee728b)
Start importing Assets/Scenes/Menu/ButtonScript.cs using Guid(556f4c3838c63ab4289a8361bc023efc) Importer(815301076,1909f56bfc062723c751e8b465ee728b)  -> (artifact id: '1037d596343557609fffd483bbd39acd') in 0.053639 seconds
  Import took 0.058240 seconds .

========================================================================
Received Prepare
Refreshing native plugins compatible for Editor in 3.78 ms, found 3 plugins.
Preloading 0 native plugins for Editor in 0.00 ms.
Unloading 19 Unused Serialized files (Serialized files now loaded: 0)
System memory in use before: 52.1 MB.
System memory in use after: 52.1 MB.

Unloading 19 unused Assets to reduce memory usage. Loaded Objects now: 2520.
Total: 3.225100 ms (FindLiveObjects: 0.209300 ms CreateObjectMapping: 0.089500 ms MarkObjects: 2.776900 ms  DeleteObjects: 0.148400 ms)

========================================================================
Received Import Request.
  Time since last request: 106.081108 seconds.
  path: Assets/Scenes/Snake/Snake.unity
  artifactKey: Guid(2cda990e2423bbf4892e6590ba056729) Importer(815301076,1909f56bfc062723c751e8b465ee728b)
Start importing Assets/Scenes/Snake/Snake.unity using Guid(2cda990e2423bbf4892e6590ba056729) Importer(815301076,1909f56bfc062723c751e8b465ee728b)  -> (artifact id: 'ce6455ee1cba871d11099e9e373458ac') in 0.010144 seconds
  Import took 0.014447 seconds .

========================================================================
Received Import Request.
  Time since last request: 13.103345 seconds.
  path: Assets/Scenes/Minesweeper/Minesweeper.unity
  artifactKey: Guid(e48e09002333094408eb290460ff78ed) Importer(815301076,1909f56bfc062723c751e8b465ee728b)
Start importing Assets/Scenes/Minesweeper/Minesweeper.unity using Guid(e48e09002333094408eb290460ff78ed) Importer(815301076,1909f56bfc062723c751e8b465ee728b)  -> (artifact id: 'aa4fb8c15ed43a196c6dc68e9e291941') in 0.004405 seconds
  Import took 0.009646 seconds .

========================================================================
Received Import Request.
  Time since last request: 15.663104 seconds.
  path: Assets/Scenes/Menu/Menu.unity
  artifactKey: Guid(3ce0f9561734d0d42baf038ab3e9c471) Importer(815301076,1909f56bfc062723c751e8b465ee728b)
Start importing Assets/Scenes/Menu/Menu.unity using Guid(3ce0f9561734d0d42baf038ab3e9c471) Importer(815301076,1909f56bfc062723c751e8b465ee728b)  -> (artifact id: '497441fe83dc2a77c01a032897e059d0') in 0.009231 seconds
  Import took 0.014232 seconds .

========================================================================
Received Prepare
Registering precompiled user dll's ...
Registered in 0.006107 seconds.
Begin MonoManager ReloadAssembly
Native extension for WindowsStandalone target not found
Native extension for WebGL target not found
Refreshing native plugins compatible for Editor in 0.64 ms, found 3 plugins.
Preloading 0 native plugins for Editor in 0.00 ms.
Mono: successfully reloaded assembly
- Completed reload, in  1.444 seconds
Platform modules already initialized, skipping
Refreshing native plugins compatible for Editor in 0.68 ms, found 3 plugins.
Preloading 0 native plugins for Editor in 0.00 ms.
Unloading 2081 Unused Serialized files (Serialized files now loaded: 0)
System memory in use before: 93.1 MB.
System memory in use after: 93.1 MB.

Unloading 21 unused Assets to reduce memory usage. Loaded Objects now: 2524.
Total: 4.214700 ms (FindLiveObjects: 0.543000 ms CreateObjectMapping: 0.310700 ms MarkObjects: 3.164800 ms  DeleteObjects: 0.192600 ms)

========================================================================
Received Prepare
Registering precompiled user dll's ...
Registered in 0.003540 seconds.
Begin MonoManager ReloadAssembly
Native extension for WindowsStandalone target not found
Native extension for WebGL target not found
Refreshing native plugins compatible for Editor in 0.46 ms, found 3 plugins.
Preloading 0 native plugins for Editor in 0.00 ms.
Mono: successfully reloaded assembly
- Completed reload, in  1.479 seconds
Platform modules already initialized, skipping
Refreshing native plugins compatible for Editor in 0.57 ms, found 3 plugins.
Preloading 0 native plugins for Editor in 0.00 ms.
Unloading 2081 Unused Serialized files (Serialized files now loaded: 0)
System memory in use before: 93.1 MB.
System memory in use after: 93.1 MB.

Unloading 21 unused Assets to reduce memory usage. Loaded Objects now: 2528.
Total: 4.846100 ms (FindLiveObjects: 0.693200 ms CreateObjectMapping: 0.344500 ms MarkObjects: 3.657200 ms  DeleteObjects: 0.149500 ms)

========================================================================
Received Prepare
Refreshing native plugins compatible for Editor in 3.42 ms, found 3 plugins.
Preloading 0 native plugins for Editor in 0.00 ms.
Unloading 19 Unused Serialized files (Serialized files now loaded: 0)
System memory in use before: 52.4 MB.
System memory in use after: 52.4 MB.

Unloading 19 unused Assets to reduce memory usage. Loaded Objects now: 2528.
Total: 3.479300 ms (FindLiveObjects: 0.520100 ms CreateObjectMapping: 0.278800 ms MarkObjects: 2.500600 ms  DeleteObjects: 0.178500 ms)

========================================================================
Received Import Request.
  Time since last request: 464.163262 seconds.
  path: Assets/Scenes/Menu/Menu.unity
  artifactKey: Guid(3ce0f9561734d0d42baf038ab3e9c471) Importer(815301076,1909f56bfc062723c751e8b465ee728b)
Start importing Assets/Scenes/Menu/Menu.unity using Guid(3ce0f9561734d0d42baf038ab3e9c471) Importer(815301076,1909f56bfc062723c751e8b465ee728b)  -> (artifact id: 'dd935275ea915f7ce08b8d3822356486') in 0.014042 seconds
  Import took 0.018153 seconds .

========================================================================
Received Prepare
Refreshing native plugins compatible for Editor in 3.21 ms, found 3 plugins.
Preloading 0 native plugins for Editor in 0.00 ms.
Unloading 19 Unused Serialized files (Serialized files now loaded: 0)
System memory in use before: 52.4 MB.
System memory in use after: 52.4 MB.

Unloading 19 unused Assets to reduce memory usage. Loaded Objects now: 2528.
Total: 4.563300 ms (FindLiveObjects: 0.258600 ms CreateObjectMapping: 0.133900 ms MarkObjects: 3.980400 ms  DeleteObjects: 0.189100 ms)

========================================================================
Received Import Request.
  Time since last request: 231.028016 seconds.
  path: Assets/Scenes/Minesweeper/Minesweeper.unity
  artifactKey: Guid(e48e09002333094408eb290460ff78ed) Importer(815301076,1909f56bfc062723c751e8b465ee728b)
Start importing Assets/Scenes/Minesweeper/Minesweeper.unity using Guid(e48e09002333094408eb290460ff78ed) Importer(815301076,1909f56bfc062723c751e8b465ee728b)  -> (artifact id: '85b666919bb09036586540bbfbe7da9d') in 0.003135 seconds
  Import took 0.007637 seconds .

========================================================================
Received Prepare
Registering precompiled user dll's ...
Registered in 0.004208 seconds.
Begin MonoManager ReloadAssembly
Native extension for WindowsStandalone target not found
Native extension for WebGL target not found
Refreshing native plugins compatible for Editor in 0.46 ms, found 3 plugins.
Preloading 0 native plugins for Editor in 0.00 ms.
Mono: successfully reloaded assembly
- Completed reload, in  3.392 seconds
Platform modules already initialized, skipping
Refreshing native plugins compatible for Editor in 0.64 ms, found 3 plugins.
Preloading 0 native plugins for Editor in 0.00 ms.
Unloading 2081 Unused Serialized files (Serialized files now loaded: 0)
System memory in use before: 93.2 MB.
System memory in use after: 93.1 MB.

Unloading 21 unused Assets to reduce memory usage. Loaded Objects now: 2532.
Total: 13.705200 ms (FindLiveObjects: 0.980100 ms CreateObjectMapping: 0.320900 ms MarkObjects: 12.100700 ms  DeleteObjects: 0.301600 ms)

========================================================================
Received Prepare
Refreshing native plugins compatible for Editor in 2.91 ms, found 3 plugins.
Preloading 0 native plugins for Editor in 0.00 ms.
Unloading 19 Unused Serialized files (Serialized files now loaded: 0)
System memory in use before: 52.4 MB.
System memory in use after: 52.4 MB.

Unloading 19 unused Assets to reduce memory usage. Loaded Objects now: 2532.
Total: 3.024500 ms (FindLiveObjects: 0.172400 ms CreateObjectMapping: 0.086000 ms MarkObjects: 2.613300 ms  DeleteObjects: 0.151900 ms)

AssetImportWorkerClient::OnTransportError - code=2 error=End of file
